---
driver=<class 'textual._linux_driver.LinuxDriver'>
Load() >>> KeyVaultBrowser(title='Textual')
Mount() >>> KeyVaultBrowser(title='Azure Key Vault Browser')
set_focus SearchWidget(name='search', title='ðŸ” [grey82]search[/]', value='')
SearchWidget(name='search', title='ðŸ” [grey82]search[/]', value='') IS NOT RUNNING
Mount() >>> DockView(name='DockView#1')
Mount() >>> SearchWidget(name='search', title='ðŸ” [grey82]search[/]', value='')
Focus() >>> SearchWidget(name='search', title='ðŸ” [grey82]search[/]', value='')
Mount() >>> View(name='View#1')
Searchable nodes have been mapped
Mount() >>> SecretsWidget(name='SecretsWidget')
Mount() >>> SecretVersionsWidget(name='SecretVersionsWidget')
Mount() >>> SecretPropertiesWidget(name='SecretPropertiesWidget')
Searchable nodes have been mapped
set_focus SecretVersionsWidget(name='SecretVersionsWidget')
Blur() >>> SearchWidget(name='search', title='ðŸ” [grey82]search[/]', value='')
Focus() >>> SecretVersionsWidget(name='SecretVersionsWidget')
MouseDown(x=9, y=11, screen_x=46, screen_y=21, button=1) >>> SecretVersionsWidget(name='SecretVersionsWidget')
MouseUp(x=9, y=11, screen_x=46, screen_y=21, button=1) >>> SecretVersionsWidget(name='SecretVersionsWidget')
Click(x=9, y=11, screen_x=46, screen_y=21, button=1) >>> SecretVersionsWidget(name='SecretVersionsWidget')
Key(key='ctrl+c') >>> KeyVaultBrowser(title='Azure Key Vault Browser')
ACTION KeyVaultBrowser(title='Azure Key Vault Browser') quit
CLOSED KeyVaultBrowser(title='Azure Key Vault Browser')
PROCESS END
